# JRE version: OpenJDK Runtime Environment Temurin-17.0.18+8 (17.0.18+8) (build 17.0.18+8)
# Java VM: OpenJDK 64-Bit Server VM Temurin-17.0.18+8 (17.0.18+8, mixed mode, sharing, tiered, compressed oops, compressed class ptrs, g1 gc, windows-amd64)
GC Precious Log:
 CPUs: 4 total, 4 available
 Memory: 8003M
 Large Page Support: Disabled
 NUMA Support: Disabled
 Compressed Oops: Enabled (32-bit)
 Heap Region Size: 1M
 Heap Min Capacity: 8M
 Heap Initial Capacity: 126M
 Heap Max Capacity: 2002M
 Pre-touch: Disabled
 Parallel Workers: 4
 Concurrent Workers: 1
 Concurrent Refinement Workers: 4
 Periodic GC: Disabled
Heap:
 garbage-first heap   total 68608K, used 34994K [0x0000000082e00000, 0x0000000100000000)
  region size 1024K, 20 young (20480K), 4 survivors (4096K)
 Metaspace       used 30412K, committed 30592K, reserved 1114112K
  class space    used 3821K, committed 3904K, reserved 1048576K
GC Heap History (8 events):
Event: 4.455 GC heap before
{Heap before GC invocations=0 (full 0):
 garbage-first heap   total 129024K, used 17408K [0x0000000082e00000, 0x0000000100000000)
  region size 1024K, 13 young (13312K), 0 survivors (0K)
 Metaspace       used 4069K, committed 4160K, reserved 1114112K
  class space    used 311K, committed 384K, reserved 1048576K
}
Event: 4.473 GC heap after
{Heap after GC invocations=1 (full 0):
 garbage-first heap   total 129024K, used 6441K [0x0000000082e00000, 0x0000000100000000)
  region size 1024K, 2 young (2048K), 2 survivors (2048K)
 Metaspace       used 4069K, committed 4160K, reserved 1114112K
  class space    used 311K, committed 384K, reserved 1048576K
}
Event: 6.654 GC heap before
{Heap before GC invocations=1 (full 0):
 garbage-first heap   total 129024K, used 24873K [0x0000000082e00000, 0x0000000100000000)
  region size 1024K, 18 young (18432K), 2 survivors (2048K)
 Metaspace       used 8483K, committed 8704K, reserved 1114112K
  class space    used 883K, committed 960K, reserved 1048576K
}
Event: 6.663 GC heap after
{Heap after GC invocations=2 (full 0):
 garbage-first heap   total 129024K, used 8536K [0x0000000082e00000, 0x0000000100000000)
  region size 1024K, 1 young (1024K), 1 survivors (1024K)
 Metaspace       used 8483K, committed 8704K, reserved 1114112K
  class space    used 883K, committed 960K, reserved 1048576K
}
Event: 16.616 GC heap before
{Heap before GC invocations=2 (full 0):
 garbage-first heap   total 129024K, used 66904K [0x0000000082e00000, 0x0000000100000000)
  region size 1024K, 57 young (58368K), 1 survivors (1024K)
 Metaspace       used 21324K, committed 21504K, reserved 1114112K
  class space    used 2945K, committed 3008K, reserved 1048576K
}
Event: 16.647 GC heap after
{Heap after GC invocations=3 (full 0):
 garbage-first heap   total 129024K, used 18018K [0x0000000082e00000, 0x0000000100000000)
  region size 1024K, 9 young (9216K), 9 survivors (9216K)
 Metaspace       used 21324K, committed 21504K, reserved 1114112K
  class space    used 2945K, committed 3008K, reserved 1048576K
}
Event: 21.366 GC heap before
{Heap before GC invocations=4 (full 0):
 garbage-first heap   total 68608K, used 49762K [0x0000000082e00000, 0x0000000100000000)
  region size 1024K, 40 young (40960K), 9 survivors (9216K)
 Metaspace       used 26988K, committed 27200K, reserved 1114112K
  class space    used 3479K, committed 3584K, reserved 1048576K
}
Event: 21.414 GC heap after
{Heap after GC invocations=5 (full 0):
 garbage-first heap   total 68608K, used 19634K [0x0000000082e00000, 0x0000000100000000)
  region size 1024K, 4 young (4096K), 4 survivors (4096K)
 Metaspace       used 26988K, committed 27200K, reserved 1114112K
  class space    used 3479K, committed 3584K, reserved 1048576K
}

