# JRE version: OpenJDK Runtime Environment Temurin-17.0.18+8 (17.0.18+8) (build 17.0.18+8)
# Java VM: OpenJDK 64-Bit Server VM Temurin-17.0.18+8 (17.0.18+8, mixed mode, sharing, tiered, compressed oops, compressed class ptrs, g1 gc, windows-amd64)
GC Precious Log:
 CPUs: 4 total, 4 available
 Memory: 8003M
 Large Page Support: Disabled
 NUMA Support: Disabled
 Compressed Oops: Enabled (32-bit)
 Heap Region Size: 1M
 Heap Min Capacity: 8M
 Heap Initial Capacity: 126M
 Heap Max Capacity: 2002M
 Pre-touch: Disabled
 Parallel Workers: 4
 Concurrent Workers: 1
 Concurrent Refinement Workers: 4
 Periodic GC: Disabled
Heap:
 garbage-first heap   total 65536K, used 26364K [0x0000000082e00000, 0x0000000100000000)
  region size 1024K, 4 young (4096K), 1 survivors (1024K)
 Metaspace       used 34375K, committed 34624K, reserved 1114112K
  class space    used 4274K, committed 4416K, reserved 1048576K
GC Heap History (16 events):
Event: 2.693 GC heap before
{Heap before GC invocations=0 (full 0):
 garbage-first heap   total 129024K, used 17408K [0x0000000082e00000, 0x0000000100000000)
  region size 1024K, 13 young (13312K), 0 survivors (0K)
 Metaspace       used 4042K, committed 4160K, reserved 1114112K
  class space    used 310K, committed 384K, reserved 1048576K
}
Event: 2.708 GC heap after
{Heap after GC invocations=1 (full 0):
 garbage-first heap   total 129024K, used 6291K [0x0000000082e00000, 0x0000000100000000)
  region size 1024K, 2 young (2048K), 2 survivors (2048K)
 Metaspace       used 4042K, committed 4160K, reserved 1114112K
  class space    used 310K, committed 384K, reserved 1048576K
}
Event: 4.915 GC heap before
{Heap before GC invocations=1 (full 0):
 garbage-first heap   total 129024K, used 23699K [0x0000000082e00000, 0x0000000100000000)
  region size 1024K, 18 young (18432K), 2 survivors (2048K)
 Metaspace       used 8465K, committed 8640K, reserved 1114112K
  class space    used 883K, committed 960K, reserved 1048576K
}
Event: 4.925 GC heap after
{Heap after GC invocations=2 (full 0):
 garbage-first heap   total 129024K, used 8306K [0x0000000082e00000, 0x0000000100000000)
  region size 1024K, 1 young (1024K), 1 survivors (1024K)
 Metaspace       used 8465K, committed 8640K, reserved 1114112K
  class space    used 883K, committed 960K, reserved 1048576K
}
Event: 14.523 GC heap before
{Heap before GC invocations=2 (full 0):
 garbage-first heap   total 129024K, used 66674K [0x0000000082e00000, 0x0000000100000000)
  region size 1024K, 57 young (58368K), 1 survivors (1024K)
 Metaspace       used 21311K, committed 21504K, reserved 1114112K
  class space    used 2943K, committed 3008K, reserved 1048576K
}
Event: 14.552 GC heap after
{Heap after GC invocations=3 (full 0):
 garbage-first heap   total 129024K, used 17640K [0x0000000082e00000, 0x0000000100000000)
  region size 1024K, 9 young (9216K), 9 survivors (9216K)
 Metaspace       used 21311K, committed 21504K, reserved 1114112K
  class space    used 2943K, committed 3008K, reserved 1048576K
}
Event: 18.057 GC heap before
{Heap before GC invocations=4 (full 0):
 garbage-first heap   total 65536K, used 47336K [0x0000000082e00000, 0x0000000100000000)
  region size 1024K, 38 young (38912K), 9 survivors (9216K)
 Metaspace       used 26504K, committed 26688K, reserved 1114112K
  class space    used 3433K, committed 3520K, reserved 1048576K
}
Event: 18.099 GC heap after
{Heap after GC invocations=5 (full 0):
 garbage-first heap   total 65536K, used 19337K [0x0000000082e00000, 0x0000000100000000)
  region size 1024K, 4 young (4096K), 4 survivors (4096K)
 Metaspace       used 26504K, committed 26688K, reserved 1114112K
  class space    used 3433K, committed 3520K, reserved 1048576K
}
Event: 18.220 GC heap before
{Heap before GC invocations=5 (full 0):
 garbage-first heap   total 65536K, used 20361K [0x0000000082e00000, 0x0000000100000000)
  region size 1024K, 5 young (5120K), 4 survivors (4096K)
 Metaspace       used 26792K, committed 26944K, reserved 1114112K
  class space    used 3451K, committed 3520K, reserved 1048576K
}
Event: 18.233 GC heap after
{Heap after GC invocations=6 (full 0):
 garbage-first heap   total 65536K, used 20274K [0x0000000082e00000, 0x0000000100000000)
  region size 1024K, 1 young (1024K), 1 survivors (1024K)
 Metaspace       used 26792K, committed 26944K, reserved 1114112K
  class space    used 3451K, committed 3520K, reserved 1048576K
}
Event: 23.338 GC heap before
{Heap before GC invocations=6 (full 0):
 garbage-first heap   total 65536K, used 43826K [0x0000000082e00000, 0x0000000100000000)
  region size 1024K, 25 young (25600K), 1 survivors (1024K)
 Metaspace       used 32430K, committed 32704K, reserved 1114112K
  class space    used 4079K, committed 4224K, reserved 1048576K
}
Event: 23.362 GC heap after
{Heap after GC invocations=7 (full 0):
 garbage-first heap   total 65536K, used 21732K [0x0000000082e00000, 0x0000000100000000)
  region size 1024K, 3 young (3072K), 3 survivors (3072K)
 Metaspace       used 32430K, committed 32704K, reserved 1114112K
  class space    used 4079K, committed 4224K, reserved 1048576K
}
Event: 26.731 GC heap before
{Heap before GC invocations=7 (full 0):
 garbage-first heap   total 65536K, used 47332K [0x0000000082e00000, 0x0000000100000000)
  region size 1024K, 27 young (27648K), 3 survivors (3072K)
 Metaspace       used 34364K, committed 34624K, reserved 1114112K
  class space    used 4274K, committed 4416K, reserved 1048576K
}
Event: 27.170 GC heap after
{Heap after GC invocations=8 (full 0):
 garbage-first heap   total 65536K, used 24046K [0x0000000082e00000, 0x0000000100000000)
  region size 1024K, 3 young (3072K), 3 survivors (3072K)
 Metaspace       used 34364K, committed 34624K, reserved 1114112K
  class space    used 4274K, committed 4416K, reserved 1048576K
}
Event: 27.297 GC heap before
{Heap before GC invocations=8 (full 0):
 garbage-first heap   total 65536K, used 25070K [0x0000000082e00000, 0x0000000100000000)
  region size 1024K, 4 young (4096K), 3 survivors (3072K)
 Metaspace       used 34371K, committed 34624K, reserved 1114112K
  class space    used 4274K, committed 4416K, reserved 1048576K
}
Event: 27.307 GC heap after
{Heap after GC invocations=9 (full 0):
 garbage-first heap   total 65536K, used 24316K [0x0000000082e00000, 0x0000000100000000)
  region size 1024K, 1 young (1024K), 1 survivors (1024K)
 Metaspace       used 34371K, committed 34624K, reserved 1114112K
  class space    used 4274K, committed 4416K, reserved 1048576K
}

